<?xml version="1.0" encoding="UTF-8"?>
<coverage generated="1730227963175" clover="3.2.0">
  <project timestamp="1730227963176" name="All files">
    <metrics statements="67" coveredstatements="67" conditionals="36" coveredconditionals="36" methods="35" coveredmethods="35" elements="138" coveredelements="138" complexity="0" loc="67" ncloc="67" packages="3" files="6" classes="6"/>
    <package name="validator">
      <metrics statements="0" coveredstatements="0" conditionals="0" coveredconditionals="0" methods="0" coveredmethods="0"/>
      <file name="index.js" path="/home/ilya/repos/validator/index.js">
        <metrics statements="0" coveredstatements="0" conditionals="0" coveredconditionals="0" methods="0" coveredmethods="0"/>
      </file>
    </package>
    <package name="validator.src">
      <metrics statements="6" coveredstatements="6" conditionals="0" coveredconditionals="0" methods="6" coveredmethods="6"/>
      <file name="Validator.js" path="/home/ilya/repos/validator/src/Validator.js">
        <metrics statements="6" coveredstatements="6" conditionals="0" coveredconditionals="0" methods="6" coveredmethods="6"/>
        <line num="8" count="18" type="stmt"/>
        <line num="15" count="8" type="stmt"/>
        <line num="19" count="10" type="stmt"/>
        <line num="23" count="4" type="stmt"/>
        <line num="27" count="1" type="stmt"/>
        <line num="31" count="3" type="stmt"/>
      </file>
    </package>
    <package name="validator.src.validationTypes">
      <metrics statements="61" coveredstatements="61" conditionals="36" coveredconditionals="36" methods="29" coveredmethods="29"/>
      <file name="Arrays.js" path="/home/ilya/repos/validator/src/validationTypes/Arrays.js">
        <metrics statements="13" coveredstatements="13" conditionals="9" coveredconditionals="9" methods="6" coveredmethods="6"/>
        <line num="3" count="4" type="stmt"/>
        <line num="7" count="20" type="cond" truecount="2" falsecount="0"/>
        <line num="12" count="5" type="stmt"/>
        <line num="17" count="15" type="stmt"/>
        <line num="18" count="15" type="stmt"/>
        <line num="19" count="13" type="cond" truecount="2" falsecount="0"/>
        <line num="22" count="15" type="stmt"/>
        <line num="26" count="1" type="stmt"/>
        <line num="27" count="5" type="stmt"/>
        <line num="30" count="1" type="stmt"/>
        <line num="34" count="2" type="stmt"/>
        <line num="35" count="8" type="cond" truecount="2" falsecount="0"/>
        <line num="38" count="2" type="stmt"/>
      </file>
      <file name="Numbers.js" path="/home/ilya/repos/validator/src/validationTypes/Numbers.js">
        <metrics statements="21" coveredstatements="21" conditionals="15" coveredconditionals="15" methods="10" coveredmethods="10"/>
        <line num="3" count="10" type="stmt"/>
        <line num="4" count="10" type="stmt"/>
        <line num="5" count="10" type="stmt"/>
        <line num="9" count="42" type="cond" truecount="2" falsecount="0"/>
        <line num="14" count="4" type="stmt"/>
        <line num="17" count="38" type="stmt"/>
        <line num="18" count="38" type="stmt"/>
        <line num="19" count="42" type="cond" truecount="2" falsecount="0"/>
        <line num="22" count="38" type="stmt"/>
        <line num="26" count="2" type="stmt"/>
        <line num="27" count="5" type="stmt"/>
        <line num="29" count="2" type="stmt"/>
        <line num="33" count="1" type="stmt"/>
        <line num="34" count="5" type="cond" truecount="2" falsecount="0"/>
        <line num="37" count="1" type="stmt"/>
        <line num="41" count="3" type="stmt"/>
        <line num="42" count="17" type="cond" truecount="2" falsecount="0"/>
        <line num="45" count="3" type="stmt"/>
        <line num="49" count="3" type="stmt"/>
        <line num="50" count="10" type="cond" truecount="2" falsecount="0"/>
        <line num="55" count="3" type="stmt"/>
      </file>
      <file name="Objects.js" path="/home/ilya/repos/validator/src/validationTypes/Objects.js">
        <metrics statements="7" coveredstatements="7" conditionals="2" coveredconditionals="2" methods="3" coveredmethods="3"/>
        <line num="3" count="1" type="stmt"/>
        <line num="7" count="5" type="stmt"/>
        <line num="9" count="5" type="stmt"/>
        <line num="10" count="10" type="cond" truecount="2" falsecount="0"/>
        <line num="13" count="5" type="stmt"/>
        <line num="17" count="2" type="stmt"/>
        <line num="19" count="2" type="stmt"/>
      </file>
      <file name="Strings.js" path="/home/ilya/repos/validator/src/validationTypes/Strings.js">
        <metrics statements="20" coveredstatements="20" conditionals="10" coveredconditionals="10" methods="10" coveredmethods="10"/>
        <line num="3" count="8" type="stmt"/>
        <line num="4" count="8" type="stmt"/>
        <line num="8" count="29" type="cond" truecount="2" falsecount="0"/>
        <line num="13" count="5" type="stmt"/>
        <line num="16" count="24" type="stmt"/>
        <line num="17" count="24" type="stmt"/>
        <line num="18" count="21" type="cond" truecount="2" falsecount="0"/>
        <line num="21" count="24" type="stmt"/>
        <line num="25" count="1" type="stmt"/>
        <line num="26" count="2" type="stmt"/>
        <line num="28" count="1" type="stmt"/>
        <line num="32" count="3" type="stmt"/>
        <line num="33" count="9" type="cond" truecount="2" falsecount="0"/>
        <line num="36" count="3" type="stmt"/>
        <line num="40" count="5" type="stmt"/>
        <line num="41" count="7" type="stmt"/>
        <line num="44" count="5" type="stmt"/>
        <line num="48" count="3" type="stmt"/>
        <line num="49" count="3" type="stmt"/>
        <line num="52" count="3" type="stmt"/>
      </file>
    </package>
  </project>
</coverage>
