{"/home/ilya/repos/validator/index.js": {"path":"/home/ilya/repos/validator/index.js","statementMap":{},"fnMap":{},"branchMap":{},"s":{},"f":{},"b":{},"inputSourceMap":null,"_coverageSchema":"1a1c01bbd47fc00a2c39e90264f33305004495a9","hash":"a891cb0ee28a2fde42603861646fdd4644191e4d"}
,"/home/ilya/repos/validator/src/Validator.js": {"path":"/home/ilya/repos/validator/src/Validator.js","statementMap":{"0":{"start":{"line":8,"column":4},"end":{"line":11,"column":6}},"1":{"start":{"line":15,"column":4},"end":{"line":15,"column":53}},"2":{"start":{"line":19,"column":4},"end":{"line":19,"column":53}},"3":{"start":{"line":23,"column":4},"end":{"line":23,"column":24}},"4":{"start":{"line":27,"column":4},"end":{"line":27,"column":25}},"5":{"start":{"line":31,"column":4},"end":{"line":31,"column":43}}},"fnMap":{"0":{"name":"(anonymous_0)","decl":{"start":{"line":7,"column":2},"end":{"line":7,"column":3}},"loc":{"start":{"line":7,"column":16},"end":{"line":12,"column":3}},"line":7},"1":{"name":"(anonymous_1)","decl":{"start":{"line":14,"column":2},"end":{"line":14,"column":3}},"loc":{"start":{"line":14,"column":11},"end":{"line":16,"column":3}},"line":14},"2":{"name":"(anonymous_2)","decl":{"start":{"line":18,"column":2},"end":{"line":18,"column":3}},"loc":{"start":{"line":18,"column":11},"end":{"line":20,"column":3}},"line":18},"3":{"name":"(anonymous_3)","decl":{"start":{"line":22,"column":2},"end":{"line":22,"column":3}},"loc":{"start":{"line":22,"column":10},"end":{"line":24,"column":3}},"line":22},"4":{"name":"(anonymous_4)","decl":{"start":{"line":26,"column":2},"end":{"line":26,"column":3}},"loc":{"start":{"line":26,"column":11},"end":{"line":28,"column":3}},"line":26},"5":{"name":"(anonymous_5)","decl":{"start":{"line":30,"column":2},"end":{"line":30,"column":3}},"loc":{"start":{"line":30,"column":31},"end":{"line":32,"column":3}},"line":30}},"branchMap":{},"s":{"0":18,"1":8,"2":10,"3":4,"4":1,"5":3},"f":{"0":18,"1":8,"2":10,"3":4,"4":1,"5":3},"b":{},"inputSourceMap":null,"_coverageSchema":"1a1c01bbd47fc00a2c39e90264f33305004495a9","hash":"66ab705f192755867f49f89915ff2186b1ae478a"}
,"/home/ilya/repos/validator/src/validationTypes/Arrays.js": {"path":"/home/ilya/repos/validator/src/validationTypes/Arrays.js","statementMap":{"0":{"start":{"line":3,"column":4},"end":{"line":3,"column":21}},"1":{"start":{"line":7,"column":4},"end":{"line":15,"column":5}},"2":{"start":{"line":12,"column":6},"end":{"line":14,"column":8}},"3":{"start":{"line":17,"column":17},"end":{"line":17,"column":21}},"4":{"start":{"line":18,"column":4},"end":{"line":20,"column":5}},"5":{"start":{"line":19,"column":6},"end":{"line":19,"column":49}},"6":{"start":{"line":22,"column":4},"end":{"line":22,"column":18}},"7":{"start":{"line":26,"column":4},"end":{"line":28,"column":6}},"8":{"start":{"line":27,"column":6},"end":{"line":27,"column":43}},"9":{"start":{"line":30,"column":4},"end":{"line":30,"column":16}},"10":{"start":{"line":34,"column":4},"end":{"line":36,"column":6}},"11":{"start":{"line":35,"column":6},"end":{"line":35,"column":68}},"12":{"start":{"line":38,"column":4},"end":{"line":38,"column":16}}},"fnMap":{"0":{"name":"(anonymous_0)","decl":{"start":{"line":2,"column":2},"end":{"line":2,"column":3}},"loc":{"start":{"line":2,"column":16},"end":{"line":4,"column":3}},"line":2},"1":{"name":"(anonymous_1)","decl":{"start":{"line":6,"column":2},"end":{"line":6,"column":3}},"loc":{"start":{"line":6,"column":26},"end":{"line":23,"column":3}},"line":6},"2":{"name":"(anonymous_2)","decl":{"start":{"line":25,"column":2},"end":{"line":25,"column":3}},"loc":{"start":{"line":25,"column":13},"end":{"line":31,"column":3}},"line":25},"3":{"name":"(anonymous_3)","decl":{"start":{"line":26,"column":27},"end":{"line":26,"column":28}},"loc":{"start":{"line":26,"column":47},"end":{"line":28,"column":5}},"line":26},"4":{"name":"(anonymous_4)","decl":{"start":{"line":33,"column":2},"end":{"line":33,"column":3}},"loc":{"start":{"line":33,"column":14},"end":{"line":39,"column":3}},"line":33},"5":{"name":"(anonymous_5)","decl":{"start":{"line":34,"column":25},"end":{"line":34,"column":26}},"loc":{"start":{"line":34,"column":45},"end":{"line":36,"column":5}},"line":34}},"branchMap":{"0":{"loc":{"start":{"line":7,"column":4},"end":{"line":15,"column":5}},"type":"if","locations":[{"start":{"line":7,"column":4},"end":{"line":15,"column":5}},{"start":{},"end":{}}],"line":7},"1":{"loc":{"start":{"line":8,"column":6},"end":{"line":10,"column":29}},"type":"binary-expr","locations":[{"start":{"line":8,"column":6},"end":{"line":8,"column":36}},{"start":{"line":9,"column":6},"end":{"line":9,"column":34}},{"start":{"line":10,"column":6},"end":{"line":10,"column":29}}],"line":8},"2":{"loc":{"start":{"line":19,"column":15},"end":{"line":19,"column":48}},"type":"binary-expr","locations":[{"start":{"line":19,"column":15},"end":{"line":19,"column":21}},{"start":{"line":19,"column":25},"end":{"line":19,"column":48}}],"line":19},"3":{"loc":{"start":{"line":35,"column":13},"end":{"line":35,"column":67}},"type":"cond-expr","locations":[{"start":{"line":35,"column":30},"end":{"line":35,"column":59}},{"start":{"line":35,"column":62},"end":{"line":35,"column":67}}],"line":35}},"s":{"0":4,"1":20,"2":5,"3":15,"4":15,"5":13,"6":15,"7":1,"8":5,"9":1,"10":2,"11":8,"12":2},"f":{"0":4,"1":20,"2":1,"3":5,"4":2,"5":8},"b":{"0":[5,15],"1":[20,11,8],"2":[13,13],"3":[6,2]},"inputSourceMap":null,"_coverageSchema":"1a1c01bbd47fc00a2c39e90264f33305004495a9","hash":"a80fe80901d3d686fee5eef2682252d702fadb0b"}
,"/home/ilya/repos/validator/src/validationTypes/Numbers.js": {"path":"/home/ilya/repos/validator/src/validationTypes/Numbers.js","statementMap":{"0":{"start":{"line":3,"column":4},"end":{"line":3,"column":21}},"1":{"start":{"line":4,"column":4},"end":{"line":4,"column":40}},"2":{"start":{"line":5,"column":4},"end":{"line":5,"column":51}},"3":{"start":{"line":9,"column":4},"end":{"line":15,"column":5}},"4":{"start":{"line":14,"column":6},"end":{"line":14,"column":80}},"5":{"start":{"line":17,"column":17},"end":{"line":17,"column":21}},"6":{"start":{"line":18,"column":4},"end":{"line":20,"column":5}},"7":{"start":{"line":19,"column":6},"end":{"line":19,"column":49}},"8":{"start":{"line":22,"column":4},"end":{"line":22,"column":18}},"9":{"start":{"line":26,"column":4},"end":{"line":27,"column":61}},"10":{"start":{"line":27,"column":6},"end":{"line":27,"column":60}},"11":{"start":{"line":29,"column":4},"end":{"line":29,"column":16}},"12":{"start":{"line":33,"column":4},"end":{"line":35,"column":6}},"13":{"start":{"line":34,"column":6},"end":{"line":34,"column":64}},"14":{"start":{"line":37,"column":4},"end":{"line":37,"column":16}},"15":{"start":{"line":41,"column":4},"end":{"line":43,"column":6}},"16":{"start":{"line":42,"column":6},"end":{"line":42,"column":78}},"17":{"start":{"line":45,"column":4},"end":{"line":45,"column":16}},"18":{"start":{"line":49,"column":4},"end":{"line":53,"column":6}},"19":{"start":{"line":50,"column":6},"end":{"line":52,"column":57}},"20":{"start":{"line":55,"column":4},"end":{"line":55,"column":16}}},"fnMap":{"0":{"name":"(anonymous_0)","decl":{"start":{"line":2,"column":2},"end":{"line":2,"column":3}},"loc":{"start":{"line":2,"column":38},"end":{"line":6,"column":3}},"line":2},"1":{"name":"(anonymous_1)","decl":{"start":{"line":8,"column":2},"end":{"line":8,"column":3}},"loc":{"start":{"line":8,"column":26},"end":{"line":23,"column":3}},"line":8},"2":{"name":"(anonymous_2)","decl":{"start":{"line":25,"column":2},"end":{"line":25,"column":3}},"loc":{"start":{"line":25,"column":24},"end":{"line":30,"column":3}},"line":25},"3":{"name":"(anonymous_3)","decl":{"start":{"line":26,"column":24},"end":{"line":26,"column":25}},"loc":{"start":{"line":27,"column":6},"end":{"line":27,"column":60}},"line":27},"4":{"name":"(anonymous_4)","decl":{"start":{"line":32,"column":2},"end":{"line":32,"column":3}},"loc":{"start":{"line":32,"column":13},"end":{"line":38,"column":3}},"line":32},"5":{"name":"(anonymous_5)","decl":{"start":{"line":33,"column":27},"end":{"line":33,"column":28}},"loc":{"start":{"line":33,"column":47},"end":{"line":35,"column":5}},"line":33},"6":{"name":"(anonymous_6)","decl":{"start":{"line":40,"column":2},"end":{"line":40,"column":3}},"loc":{"start":{"line":40,"column":13},"end":{"line":46,"column":3}},"line":40},"7":{"name":"(anonymous_7)","decl":{"start":{"line":41,"column":27},"end":{"line":41,"column":28}},"loc":{"start":{"line":41,"column":47},"end":{"line":43,"column":5}},"line":41},"8":{"name":"(anonymous_8)","decl":{"start":{"line":48,"column":2},"end":{"line":48,"column":3}},"loc":{"start":{"line":48,"column":18},"end":{"line":56,"column":3}},"line":48},"9":{"name":"(anonymous_9)","decl":{"start":{"line":49,"column":24},"end":{"line":49,"column":25}},"loc":{"start":{"line":49,"column":44},"end":{"line":53,"column":5}},"line":49}},"branchMap":{"0":{"loc":{"start":{"line":9,"column":4},"end":{"line":15,"column":5}},"type":"if","locations":[{"start":{"line":9,"column":4},"end":{"line":15,"column":5}},{"start":{},"end":{}}],"line":9},"1":{"loc":{"start":{"line":10,"column":6},"end":{"line":12,"column":29}},"type":"binary-expr","locations":[{"start":{"line":10,"column":6},"end":{"line":10,"column":40}},{"start":{"line":11,"column":6},"end":{"line":11,"column":34}},{"start":{"line":12,"column":6},"end":{"line":12,"column":29}}],"line":10},"2":{"loc":{"start":{"line":19,"column":15},"end":{"line":19,"column":48}},"type":"binary-expr","locations":[{"start":{"line":19,"column":15},"end":{"line":19,"column":21}},{"start":{"line":19,"column":25},"end":{"line":19,"column":48}}],"line":19},"3":{"loc":{"start":{"line":34,"column":13},"end":{"line":34,"column":63}},"type":"cond-expr","locations":[{"start":{"line":34,"column":51},"end":{"line":34,"column":56}},{"start":{"line":34,"column":59},"end":{"line":34,"column":63}}],"line":34},"4":{"loc":{"start":{"line":42,"column":13},"end":{"line":42,"column":77}},"type":"cond-expr","locations":[{"start":{"line":42,"column":51},"end":{"line":42,"column":56}},{"start":{"line":42,"column":59},"end":{"line":42,"column":77}}],"line":42},"5":{"loc":{"start":{"line":50,"column":13},"end":{"line":52,"column":56}},"type":"cond-expr","locations":[{"start":{"line":51,"column":10},"end":{"line":51,"column":15}},{"start":{"line":52,"column":10},"end":{"line":52,"column":56}}],"line":50},"6":{"loc":{"start":{"line":52,"column":10},"end":{"line":52,"column":56}},"type":"binary-expr","locations":[{"start":{"line":52,"column":10},"end":{"line":52,"column":31}},{"start":{"line":52,"column":35},"end":{"line":52,"column":56}}],"line":52}},"s":{"0":10,"1":10,"2":10,"3":42,"4":4,"5":38,"6":38,"7":42,"8":38,"9":2,"10":5,"11":2,"12":1,"13":5,"14":1,"15":3,"16":17,"17":3,"18":3,"19":10,"20":3},"f":{"0":10,"1":42,"2":2,"3":5,"4":1,"5":5,"6":3,"7":17,"8":3,"9":10},"b":{"0":[4,38],"1":[42,14,9],"2":[42,37],"3":[3,2],"4":[6,11],"5":[3,7],"6":[7,7]},"inputSourceMap":null,"_coverageSchema":"1a1c01bbd47fc00a2c39e90264f33305004495a9","hash":"34569227e50781072940dbf466c424fa6fdf0625"}
,"/home/ilya/repos/validator/src/validationTypes/Objects.js": {"path":"/home/ilya/repos/validator/src/validationTypes/Objects.js","statementMap":{"0":{"start":{"line":3,"column":4},"end":{"line":3,"column":21}},"1":{"start":{"line":7,"column":17},"end":{"line":7,"column":21}},"2":{"start":{"line":9,"column":4},"end":{"line":11,"column":5}},"3":{"start":{"line":10,"column":6},"end":{"line":10,"column":60}},"4":{"start":{"line":13,"column":4},"end":{"line":13,"column":18}},"5":{"start":{"line":17,"column":4},"end":{"line":17,"column":29}},"6":{"start":{"line":19,"column":4},"end":{"line":19,"column":16}}},"fnMap":{"0":{"name":"(anonymous_0)","decl":{"start":{"line":2,"column":2},"end":{"line":2,"column":3}},"loc":{"start":{"line":2,"column":16},"end":{"line":4,"column":3}},"line":2},"1":{"name":"(anonymous_1)","decl":{"start":{"line":6,"column":2},"end":{"line":6,"column":3}},"loc":{"start":{"line":6,"column":26},"end":{"line":14,"column":3}},"line":6},"2":{"name":"(anonymous_2)","decl":{"start":{"line":16,"column":2},"end":{"line":16,"column":3}},"loc":{"start":{"line":16,"column":20},"end":{"line":20,"column":3}},"line":16}},"branchMap":{"0":{"loc":{"start":{"line":10,"column":15},"end":{"line":10,"column":59}},"type":"binary-expr","locations":[{"start":{"line":10,"column":15},"end":{"line":10,"column":21}},{"start":{"line":10,"column":25},"end":{"line":10,"column":59}}],"line":10}},"s":{"0":1,"1":5,"2":5,"3":10,"4":5,"5":2,"6":2},"f":{"0":1,"1":5,"2":2},"b":{"0":[10,9]},"inputSourceMap":null,"_coverageSchema":"1a1c01bbd47fc00a2c39e90264f33305004495a9","hash":"4d8c4b318722eed931c51d8dcbb9d8c90dc80315"}
,"/home/ilya/repos/validator/src/validationTypes/Strings.js": {"path":"/home/ilya/repos/validator/src/validationTypes/Strings.js","statementMap":{"0":{"start":{"line":3,"column":4},"end":{"line":3,"column":21}},"1":{"start":{"line":4,"column":4},"end":{"line":4,"column":51}},"2":{"start":{"line":8,"column":4},"end":{"line":14,"column":5}},"3":{"start":{"line":13,"column":6},"end":{"line":13,"column":80}},"4":{"start":{"line":16,"column":17},"end":{"line":16,"column":21}},"5":{"start":{"line":17,"column":4},"end":{"line":19,"column":5}},"6":{"start":{"line":18,"column":6},"end":{"line":18,"column":49}},"7":{"start":{"line":21,"column":4},"end":{"line":21,"column":18}},"8":{"start":{"line":25,"column":4},"end":{"line":26,"column":61}},"9":{"start":{"line":26,"column":6},"end":{"line":26,"column":60}},"10":{"start":{"line":28,"column":4},"end":{"line":28,"column":16}},"11":{"start":{"line":32,"column":4},"end":{"line":34,"column":6}},"12":{"start":{"line":33,"column":6},"end":{"line":33,"column":43}},"13":{"start":{"line":36,"column":4},"end":{"line":36,"column":16}},"14":{"start":{"line":40,"column":4},"end":{"line":42,"column":6}},"15":{"start":{"line":41,"column":6},"end":{"line":41,"column":48}},"16":{"start":{"line":44,"column":4},"end":{"line":44,"column":16}},"17":{"start":{"line":48,"column":4},"end":{"line":50,"column":6}},"18":{"start":{"line":49,"column":6},"end":{"line":49,"column":42}},"19":{"start":{"line":52,"column":4},"end":{"line":52,"column":16}}},"fnMap":{"0":{"name":"(anonymous_0)","decl":{"start":{"line":2,"column":2},"end":{"line":2,"column":3}},"loc":{"start":{"line":2,"column":38},"end":{"line":5,"column":3}},"line":2},"1":{"name":"(anonymous_1)","decl":{"start":{"line":7,"column":2},"end":{"line":7,"column":3}},"loc":{"start":{"line":7,"column":26},"end":{"line":22,"column":3}},"line":7},"2":{"name":"(anonymous_2)","decl":{"start":{"line":24,"column":2},"end":{"line":24,"column":3}},"loc":{"start":{"line":24,"column":24},"end":{"line":29,"column":3}},"line":24},"3":{"name":"(anonymous_3)","decl":{"start":{"line":25,"column":24},"end":{"line":25,"column":25}},"loc":{"start":{"line":26,"column":6},"end":{"line":26,"column":60}},"line":26},"4":{"name":"(anonymous_4)","decl":{"start":{"line":31,"column":2},"end":{"line":31,"column":3}},"loc":{"start":{"line":31,"column":13},"end":{"line":37,"column":3}},"line":31},"5":{"name":"(anonymous_5)","decl":{"start":{"line":32,"column":27},"end":{"line":32,"column":28}},"loc":{"start":{"line":32,"column":47},"end":{"line":34,"column":5}},"line":32},"6":{"name":"(anonymous_6)","decl":{"start":{"line":39,"column":2},"end":{"line":39,"column":3}},"loc":{"start":{"line":39,"column":22},"end":{"line":45,"column":3}},"line":39},"7":{"name":"(anonymous_7)","decl":{"start":{"line":40,"column":27},"end":{"line":40,"column":28}},"loc":{"start":{"line":40,"column":47},"end":{"line":42,"column":5}},"line":40},"8":{"name":"(anonymous_8)","decl":{"start":{"line":47,"column":2},"end":{"line":47,"column":3}},"loc":{"start":{"line":47,"column":21},"end":{"line":53,"column":3}},"line":47},"9":{"name":"(anonymous_9)","decl":{"start":{"line":48,"column":28},"end":{"line":48,"column":29}},"loc":{"start":{"line":48,"column":48},"end":{"line":50,"column":5}},"line":48}},"branchMap":{"0":{"loc":{"start":{"line":8,"column":4},"end":{"line":14,"column":5}},"type":"if","locations":[{"start":{"line":8,"column":4},"end":{"line":14,"column":5}},{"start":{},"end":{}}],"line":8},"1":{"loc":{"start":{"line":9,"column":6},"end":{"line":11,"column":29}},"type":"binary-expr","locations":[{"start":{"line":9,"column":6},"end":{"line":9,"column":40}},{"start":{"line":10,"column":6},"end":{"line":10,"column":34}},{"start":{"line":11,"column":6},"end":{"line":11,"column":29}}],"line":9},"2":{"loc":{"start":{"line":18,"column":15},"end":{"line":18,"column":48}},"type":"binary-expr","locations":[{"start":{"line":18,"column":15},"end":{"line":18,"column":21}},{"start":{"line":18,"column":25},"end":{"line":18,"column":48}}],"line":18},"3":{"loc":{"start":{"line":33,"column":13},"end":{"line":33,"column":42}},"type":"cond-expr","locations":[{"start":{"line":33,"column":30},"end":{"line":33,"column":34}},{"start":{"line":33,"column":37},"end":{"line":33,"column":42}}],"line":33},"4":{"loc":{"start":{"line":47,"column":12},"end":{"line":47,"column":19}},"type":"default-arg","locations":[{"start":{"line":47,"column":18},"end":{"line":47,"column":19}}],"line":47}},"s":{"0":8,"1":8,"2":29,"3":5,"4":24,"5":24,"6":21,"7":24,"8":1,"9":2,"10":1,"11":3,"12":9,"13":3,"14":5,"15":7,"16":5,"17":3,"18":3,"19":3},"f":{"0":8,"1":29,"2":1,"3":2,"4":3,"5":9,"6":5,"7":7,"8":3,"9":3},"b":{"0":[5,24],"1":[29,9,7],"2":[21,21],"3":[5,4],"4":[1]},"inputSourceMap":null,"_coverageSchema":"1a1c01bbd47fc00a2c39e90264f33305004495a9","hash":"5893c2f3f4f179a0c909b68ac921b30c3b8df4fa"}
}
