TN:
SF:index.js
FNF:0
FNH:0
LF:0
LH:0
BRF:0
BRH:0
end_of_record
TN:
SF:src/Validator.js
FN:7,(anonymous_0)
FN:14,(anonymous_1)
FN:18,(anonymous_2)
FN:22,(anonymous_3)
FN:26,(anonymous_4)
FN:30,(anonymous_5)
FNF:6
FNH:6
FNDA:18,(anonymous_0)
FNDA:8,(anonymous_1)
FNDA:10,(anonymous_2)
FNDA:4,(anonymous_3)
FNDA:1,(anonymous_4)
FNDA:3,(anonymous_5)
DA:8,18
DA:15,8
DA:19,10
DA:23,4
DA:27,1
DA:31,3
LF:6
LH:6
BRF:0
BRH:0
end_of_record
TN:
SF:src/validationTypes/Arrays.js
FN:2,(anonymous_0)
FN:6,(anonymous_1)
FN:25,(anonymous_2)
FN:26,(anonymous_3)
FN:33,(anonymous_4)
FN:34,(anonymous_5)
FNF:6
FNH:6
FNDA:4,(anonymous_0)
FNDA:20,(anonymous_1)
FNDA:1,(anonymous_2)
FNDA:5,(anonymous_3)
FNDA:2,(anonymous_4)
FNDA:8,(anonymous_5)
DA:3,4
DA:7,20
DA:12,5
DA:17,15
DA:18,15
DA:19,13
DA:22,15
DA:26,1
DA:27,5
DA:30,1
DA:34,2
DA:35,8
DA:38,2
LF:13
LH:13
BRDA:7,0,0,5
BRDA:7,0,1,15
BRDA:8,1,0,20
BRDA:8,1,1,11
BRDA:8,1,2,8
BRDA:19,2,0,13
BRDA:19,2,1,13
BRDA:35,3,0,6
BRDA:35,3,1,2
BRF:9
BRH:9
end_of_record
TN:
SF:src/validationTypes/Numbers.js
FN:2,(anonymous_0)
FN:8,(anonymous_1)
FN:25,(anonymous_2)
FN:26,(anonymous_3)
FN:32,(anonymous_4)
FN:33,(anonymous_5)
FN:40,(anonymous_6)
FN:41,(anonymous_7)
FN:48,(anonymous_8)
FN:49,(anonymous_9)
FNF:10
FNH:10
FNDA:10,(anonymous_0)
FNDA:42,(anonymous_1)
FNDA:2,(anonymous_2)
FNDA:5,(anonymous_3)
FNDA:1,(anonymous_4)
FNDA:5,(anonymous_5)
FNDA:3,(anonymous_6)
FNDA:17,(anonymous_7)
FNDA:3,(anonymous_8)
FNDA:10,(anonymous_9)
DA:3,10
DA:4,10
DA:5,10
DA:9,42
DA:14,4
DA:17,38
DA:18,38
DA:19,42
DA:22,38
DA:26,2
DA:27,5
DA:29,2
DA:33,1
DA:34,5
DA:37,1
DA:41,3
DA:42,17
DA:45,3
DA:49,3
DA:50,10
DA:55,3
LF:21
LH:21
BRDA:9,0,0,4
BRDA:9,0,1,38
BRDA:10,1,0,42
BRDA:10,1,1,14
BRDA:10,1,2,9
BRDA:19,2,0,42
BRDA:19,2,1,37
BRDA:34,3,0,3
BRDA:34,3,1,2
BRDA:42,4,0,6
BRDA:42,4,1,11
BRDA:50,5,0,3
BRDA:50,5,1,7
BRDA:52,6,0,7
BRDA:52,6,1,7
BRF:15
BRH:15
end_of_record
TN:
SF:src/validationTypes/Objects.js
FN:2,(anonymous_0)
FN:6,(anonymous_1)
FN:16,(anonymous_2)
FNF:3
FNH:3
FNDA:1,(anonymous_0)
FNDA:5,(anonymous_1)
FNDA:2,(anonymous_2)
DA:3,1
DA:7,5
DA:9,5
DA:10,10
DA:13,5
DA:17,2
DA:19,2
LF:7
LH:7
BRDA:10,0,0,10
BRDA:10,0,1,9
BRF:2
BRH:2
end_of_record
TN:
SF:src/validationTypes/Strings.js
FN:2,(anonymous_0)
FN:7,(anonymous_1)
FN:24,(anonymous_2)
FN:25,(anonymous_3)
FN:31,(anonymous_4)
FN:32,(anonymous_5)
FN:39,(anonymous_6)
FN:40,(anonymous_7)
FN:47,(anonymous_8)
FN:48,(anonymous_9)
FNF:10
FNH:10
FNDA:8,(anonymous_0)
FNDA:29,(anonymous_1)
FNDA:1,(anonymous_2)
FNDA:2,(anonymous_3)
FNDA:3,(anonymous_4)
FNDA:9,(anonymous_5)
FNDA:5,(anonymous_6)
FNDA:7,(anonymous_7)
FNDA:3,(anonymous_8)
FNDA:3,(anonymous_9)
DA:3,8
DA:4,8
DA:8,29
DA:13,5
DA:16,24
DA:17,24
DA:18,21
DA:21,24
DA:25,1
DA:26,2
DA:28,1
DA:32,3
DA:33,9
DA:36,3
DA:40,5
DA:41,7
DA:44,5
DA:48,3
DA:49,3
DA:52,3
LF:20
LH:20
BRDA:8,0,0,5
BRDA:8,0,1,24
BRDA:9,1,0,29
BRDA:9,1,1,9
BRDA:9,1,2,7
BRDA:18,2,0,21
BRDA:18,2,1,21
BRDA:33,3,0,5
BRDA:33,3,1,4
BRDA:47,4,0,1
BRF:10
BRH:10
end_of_record
